gcc -Wall -fno-builtin -fno-stack-protector -nostdlib -nostdinc -g  -c -o tests.o tests.c
tests.c: In function ‘read_file_by_name’:
tests.c:203: error: ‘fsys_dentry_t’ undeclared (first use in this function)
tests.c:203: error: (Each undeclared identifier is reported only once
tests.c:203: error: for each function it appears in.)
tests.c:203: error: expected ‘;’ before ‘test_dentry’
tests.c:204: warning: implicit declaration of function ‘read_dentry_by_name’
tests.c:204: error: ‘test_dentry’ undeclared (first use in this function)
tests.c:210: error: ‘fsys_inode_t’ undeclared (first use in this function)
tests.c:210: error: ‘target_inode’ undeclared (first use in this function)
tests.c:210: error: expected expression before ‘)’ token
tests.c:210: error: ‘boot_start_addr’ undeclared (first use in this function)
tests.c:212: error: ‘BLOCK_SIZE’ undeclared (first use in this function)
tests.c:214: warning: implicit declaration of function ‘read_data’
tests.c:212: warning: unused variable ‘content’
tests.c: In function ‘read_file_by_index’:
tests.c:227: error: ‘fsys_dentry_t’ undeclared (first use in this function)
tests.c:227: error: expected ‘;’ before ‘test_dentry’
tests.c:228: warning: implicit declaration of function ‘read_dentry_by_index’
tests.c:228: error: ‘test_dentry’ undeclared (first use in this function)
tests.c:233: error: ‘fsys_inode_t’ undeclared (first use in this function)
tests.c:233: error: ‘target_inode’ undeclared (first use in this function)
tests.c:233: error: expected expression before ‘)’ token
tests.c:233: error: ‘boot_start_addr’ undeclared (first use in this function)
tests.c:235: error: ‘BLOCK_SIZE’ undeclared (first use in this function)
tests.c:242: error: ‘FILENAME_LEN’ undeclared (first use in this function)
tests.c:235: warning: unused variable ‘content’
tests.c: In function ‘test_read_dir’:
tests.c:325: warning: implicit declaration of function ‘dir_open’
tests.c:327: error: ‘FILENAME_LEN’ undeclared (first use in this function)
tests.c:329: warning: implicit declaration of function ‘dir_read’
tests.c:327: warning: unused variable ‘file_names’
make: *** [tests.o] Error 1
